#
# There is insufficient memory for the Java Runtime Environment to continue.
# Native memory allocation (mmap) failed to map 266338304 bytes for G1 virtual space
# Possible reasons:
#   The system is out of physical RAM or swap space
#   The process is running with CompressedOops enabled, and the Java Heap may be blocking the growth of the native heap
# Possible solutions:
#   Reduce memory load on the system
#   Increase physical memory or swap space
#   Check if swap backing store is full
#   Decrease Java heap size (-Xmx/-Xms)
#   Decrease number of Java threads
#   Decrease Java thread stack sizes (-Xss)
#   Set larger code cache with -XX:ReservedCodeCacheSize=
#   JVM is running with Zero Based Compressed Oops mode in which the Java heap is
#     placed in the first 32GB address space. The Java Heap base address is the
#     maximum limit for the native heap growth. Please use -XX:HeapBaseMinAddress
#     to set the Java Heap base and to place the Java Heap above 32GB virtual address.
# This output file may be truncated or incomplete.
#
#  Out of Memory Error (os_windows.cpp:3550), pid=36612, tid=3212
#
# JRE version:  (17.0.7+8) (build )
# Java VM: Java HotSpot(TM) 64-Bit Server VM (17.0.7+8-LTS-224, mixed mode, sharing, tiered, compressed oops, compressed class ptrs, g1 gc, windows-amd64)
# No core dump will be written. Minidumps are not enabled by default on client versions of Windows
#

---------------  S U M M A R Y ------------

Command Line: org.jetbrains.kotlin.cli.jvm.K2JVMCompiler @C:\Users\MelatiEka\Documents\Semester 6\Bangkit\Project\Calorify-Android\app\build\20230616_15107406193385682834.compiler.options

Host: Intel(R) Core(TM) i5-10210U CPU @ 1.60GHz, 8 cores, 15G,  Windows 11 , 64 bit Build 22621 (10.0.22621.1635)
Time: Fri Jun 16 01:29:59 2023 SE Asia Standard Time elapsed time: 0.152404 seconds (0d 0h 0m 0s)

---------------  T H R E A D  ---------------

Current thread (0x0000020496dee780):  JavaThread "Unknown thread" [_thread_in_vm, id=3212, stack(0x000000b735d00000,0x000000b735e00000)]

Stack: [0x000000b735d00000,0x000000b735e00000]
Native frames: (J=compiled Java code, j=interpreted, Vv=VM code, C=native code)
V  [jvm.dll+0x676a4a]
V  [jvm.dll+0x7d74f4]
V  [jvm.dll+0x7d8c9e]
V  [jvm.dll+0x7d9303]
V  [jvm.dll+0x2452c5]
V  [jvm.dll+0x6738f9]
V  [jvm.dll+0x668232]
V  [jvm.dll+0x302826]
V  [jvm.dll+0x309da6]
V  [jvm.dll+0x35952e]
V  [jvm.dll+0x35975f]
V  [jvm.dll+0x2d9a38]
V  [jvm.dll+0x2da9a4]
V  [jvm.dll+0x7a8fb1]
V  [jvm.dll+0x3670e1]
V  [jvm.dll+0x788359]
V  [jvm.dll+0x3ea5ef]
V  [jvm.dll+0x3ec071]
C  [jli.dll+0x5297]
C  [ucrtbase.dll+0x29363]
C  [KERNEL32.DLL+0x126ad]
C  [ntdll.dll+0x5a9f8]


---------------  P R O C E S S  ---------------

Threads class SMR info:
_java_thread_list=0x00007ff838dd4998, length=0, elements={
}

Java Threads: ( => current thread )

Other Threads:
  0x0000020496e58eb0 GCTaskThread "GC Thread#0" [stack: 0x000000b735e00000,0x000000b735f00000] [id=41288]
  0x0000020496e69ab0 ConcurrentGCThread "G1 Main Marker" [stack: 0x000000b735f00000,0x000000b736000000] [id=47832]
  0x0000020496e6b4d0 ConcurrentGCThread "G1 Conc#0" [stack: 0x000000b736000000,0x000000b736100000] [id=30876]

[error occurred during error reporting (printing all threads), id 0xc0000005, EXCEPTION_ACCESS_VIOLATION (0xc0000005) at pc=0x00007ff83860a697]

VM state: not at safepoint (not fully initialized)

VM Mutex/Monitor currently owned by a thread:  ([mutex/lock_event])
[0x0000020496dea810] Heap_lock - owner thread: 0x0000020496dee780

Heap address: 0x0000000703400000, size: 4044 MB, Compressed Oops mode: Zero based, Oop shift amount: 3

CDS archive(s) mapped at: [0x0000000000000000-0x0000000000000000-0x0000000000000000), size 0, SharedBaseAddress: 0x0000000800000000, ArchiveRelocationMode: 0.
Narrow klass base: 0x0000000000000000, Narrow klass shift: 0, Narrow klass range: 0x0

GC Precious Log:
<Empty>

Heap:
 garbage-first heap   total 0K, used 0K [0x0000000703400000, 0x0000000800000000)
  region size 2048K, 0 young (0K), 0 survivors (0K)

[error occurred during error reporting (printing heap information), id 0xc0000005, EXCEPTION_ACCESS_VIOLATION (0xc0000005) at pc=0x00007ff8389f00b9]

GC Heap History (0 events):
No events

Deoptimization events (0 events):
No events

Classes unloaded (0 events):
No events

Classes redefined (0 events):
No events

Internal exceptions (0 events):
No events

VM Operations (0 events):
No events

Events (1 events):
Event: 0.036 Loaded shared library C:\Program Files\Java\jdk-17\bin\java.dll


Dynamic libraries:
0x00007ff60d210000 - 0x00007ff60d220000 	C:\Program Files\Java\jdk-17\bin\java.exe
0x00007ff8ab830000 - 0x00007ff8aba44000 	C:\WINDOWS\SYSTEM32\ntdll.dll
0x00007ff8aa050000 - 0x00007ff8aa112000 	C:\WINDOWS\System32\KERNEL32.DLL
0x00007ff8a8e80000 - 0x00007ff8a9223000 	C:\WINDOWS\System32\KERNELBASE.dll
0x00007ff8a92b0000 - 0x00007ff8a93c1000 	C:\WINDOWS\System32\ucrtbase.dll
0x00007ff88b440000 - 0x00007ff88b459000 	C:\Program Files\Java\jdk-17\bin\jli.dll
0x00007ff8ab310000 - 0x00007ff8ab3be000 	C:\WINDOWS\System32\ADVAPI32.dll
0x00007ff8a9820000 - 0x00007ff8a98c7000 	C:\WINDOWS\System32\msvcrt.dll
0x00007ff8a9600000 - 0x00007ff8a96a4000 	C:\WINDOWS\System32\sechost.dll
0x00007ff8ab6a0000 - 0x00007ff8ab7b7000 	C:\WINDOWS\System32\RPCRT4.dll
0x00007ff8aa6e0000 - 0x00007ff8aa88b000 	C:\WINDOWS\System32\USER32.dll
0x00007ff8a8c20000 - 0x00007ff8a8c46000 	C:\WINDOWS\System32\win32u.dll
0x00007ff8a9930000 - 0x00007ff8a9959000 	C:\WINDOWS\System32\GDI32.dll
0x00007ff8a8cf0000 - 0x00007ff8a8e08000 	C:\WINDOWS\System32\gdi32full.dll
0x00007ff8a8c50000 - 0x00007ff8a8cea000 	C:\WINDOWS\System32\msvcp_win.dll
0x00007ff88b560000 - 0x00007ff88b57b000 	C:\Program Files\Java\jdk-17\bin\VCRUNTIME140.dll
0x00007ff886bf0000 - 0x00007ff886e7e000 	C:\WINDOWS\WinSxS\amd64_microsoft.windows.common-controls_6595b64144ccf1df_6.0.22621.1635_none_270f70857386168e\COMCTL32.dll
0x00007ff89c7f0000 - 0x00007ff89c7fa000 	C:\WINDOWS\SYSTEM32\VERSION.dll
0x00007ff8a97b0000 - 0x00007ff8a97e1000 	C:\WINDOWS\System32\IMM32.DLL
0x00007ff88af10000 - 0x00007ff88af1c000 	C:\Program Files\Java\jdk-17\bin\vcruntime140_1.dll
0x00007ff861590000 - 0x00007ff86161e000 	C:\Program Files\Java\jdk-17\bin\msvcp140.dll
0x00007ff838320000 - 0x00007ff838efd000 	C:\Program Files\Java\jdk-17\bin\server\jvm.dll
0x00007ff8a9810000 - 0x00007ff8a9818000 	C:\WINDOWS\System32\PSAPI.DLL
0x00007ff881af0000 - 0x00007ff881af9000 	C:\WINDOWS\SYSTEM32\WSOCK32.dll
0x00007ff8aa890000 - 0x00007ff8aa901000 	C:\WINDOWS\System32\WS2_32.dll
0x00007ff89dfb0000 - 0x00007ff89dfe4000 	C:\WINDOWS\SYSTEM32\WINMM.dll
0x00007ff8a7d60000 - 0x00007ff8a7d78000 	C:\WINDOWS\SYSTEM32\kernel.appcore.dll
0x00007ff88af00000 - 0x00007ff88af0a000 	C:\Program Files\Java\jdk-17\bin\jimage.dll
0x00007ff8a65e0000 - 0x00007ff8a680e000 	C:\WINDOWS\SYSTEM32\DBGHELP.DLL
0x00007ff8a9960000 - 0x00007ff8a9ce9000 	C:\WINDOWS\System32\combase.dll
0x00007ff8aa600000 - 0x00007ff8aa6d7000 	C:\WINDOWS\System32\OLEAUT32.dll
0x00007ff883510000 - 0x00007ff883542000 	C:\WINDOWS\SYSTEM32\dbgcore.DLL
0x00007ff8a9230000 - 0x00007ff8a92ab000 	C:\WINDOWS\System32\bcryptPrimitives.dll
0x00007ff888cd0000 - 0x00007ff888cf5000 	C:\Program Files\Java\jdk-17\bin\java.dll

dbghelp: loaded successfully - version: 4.0.5 - missing functions: none
symbol engine: initialized successfully - sym options: 0x614 - pdb path: .;C:\Program Files\Java\jdk-17\bin;C:\WINDOWS\SYSTEM32;C:\WINDOWS\WinSxS\amd64_microsoft.windows.common-controls_6595b64144ccf1df_6.0.22621.1635_none_270f70857386168e;C:\Program Files\Java\jdk-17\bin\server

VM Arguments:
java_command: org.jetbrains.kotlin.cli.jvm.K2JVMCompiler @C:\Users\MelatiEka\Documents\Semester 6\Bangkit\Project\Calorify-Android\app\build\20230616_15107406193385682834.compiler.options
java_class_path (initial): C:\Users\MelatiEka\.gradle\caches\modules-2\files-2.1\org.jetbrains.kotlin\kotlin-compiler-embeddable\1.8.20\78d9baa57f65babf9e0a93e51f62f26f5f35ac3e\kotlin-compiler-embeddable-1.8.20.jar;C:\Users\MelatiEka\.gradle\caches\modules-2\files-2.1\org.jetbrains.kotlin\kotlin-stdlib\1.8.20\e72fc5e03ec6c064c678a6bd0d955c88d55b0c4a\kotlin-stdlib-1.8.20.jar;C:\Users\MelatiEka\.gradle\caches\modules-2\files-2.1\org.jetbrains.kotlin\kotlin-script-runtime\1.8.20\c850771e723701f9d63dbcf641429c0f29290074\kotlin-script-runtime-1.8.20.jar;C:\Users\MelatiEka\.gradle\caches\modules-2\files-2.1\org.jetbrains.kotlin\kotlin-reflect\1.6.10\1cbe9c92c12a94eea200d23c2bbaedaf3daf5132\kotlin-reflect-1.6.10.jar;C:\Users\MelatiEka\.gradle\caches\modules-2\files-2.1\org.jetbrains.kotlin\kotlin-daemon-embeddable\1.8.20\c1b808fbe5fee60bd0504a54778120ef40f383d4\kotlin-daemon-embeddable-1.8.20.jar;C:\Users\MelatiEka\.gradle\caches\modules-2\files-2.1\org.jetbrains.intellij.deps\trove4j\1.0.20200330\3afb14d5f9ceb459d724e907a21145e8ff394f02\trove4j-1.0.20200330.jar;C:\Users\MelatiEka\.gradle\caches\modules-2\files-2.1\net.java.dev.jna\jna\5.6.0\330f2244e9030119ab3030fc3fededc86713d9cc\jna-5.6.0.jar;C:\Users\MelatiEka\.gradle\caches\modules-2\files-2.1\org.jetbrains.kotlin\kotlin-stdlib-common\1.8.20\5eddaaf234c8c49d03eebeb6a14feb7f90faca71\kotlin-stdlib-common-1.8.20.jar;C:\Users\MelatiEka\.gradle\caches\modules-2\files-2.1\org.jetbrains\annotations\13.0\919f0dfe192fb4e063e7dacadee7f8bb9a2672a9\annotations-13.0.jar
Launcher Type: SUN_STANDARD

[Global flags]
     intx CICompilerCount                          = 4                                         {product} {ergonomic}
     uint ConcGCThreads                            = 2                                         {product} {ergonomic}
     uint G1ConcRefinementThreads                  = 8                                         {product} {ergonomic}
   size_t G1HeapRegionSize                         = 2097152                                   {product} {ergonomic}
    uintx GCDrainStackTargetSize                   = 64                                        {product} {ergonomic}
   size_t InitialHeapSize                          = 266338304                                 {product} {ergonomic}
   size_t MarkStackSize                            = 4194304                                   {product} {ergonomic}
   size_t MaxHeapSize                              = 4240441344                                {product} {ergonomic}
   size_t MinHeapDeltaBytes                        = 2097152                                   {product} {ergonomic}
   size_t MinHeapSize                              = 8388608                                   {product} {ergonomic}
    uintx NonNMethodCodeHeapSize                   = 5839372                                {pd product} {ergonomic}
    uintx NonProfiledCodeHeapSize                  = 122909434                              {pd product} {ergonomic}
    uintx ProfiledCodeHeapSize                     = 122909434                              {pd product} {ergonomic}
    uintx ReservedCodeCacheSize                    = 251658240                              {pd product} {ergonomic}
     bool SegmentedCodeCache                       = true                                      {product} {ergonomic}
   size_t SoftMaxHeapSize                          = 4240441344                             {manageable} {ergonomic}
     bool UseCompressedClassPointers               = true                           {product lp64_product} {ergonomic}
     bool UseCompressedOops                        = true                           {product lp64_product} {ergonomic}
     bool UseG1GC                                  = true                                      {product} {ergonomic}
     bool UseLargePagesIndividualAllocation        = false                                  {pd product} {ergonomic}

Logging:
Log output configuration:
 #0: stdout all=warning uptime,level,tags
 #1: stderr all=off uptime,level,tags

Environment Variables:
JAVA_HOME=C:\Program Files\Java\jdk-17
PATH=C:\Program Files\Java\jdk-11.0.16.1\bin;C:\Program Files\Common Files\Oracle\Java\javapath;C:\Program Files (x86)\Common Files\Oracle\Java\javapath;C:\Program Files\Zulu\zulu-8\bin\;C:\Program Files (x86)\Common Files\Intel\Shared Libraries\redist\intel64\compiler;C:\windows\system32;C:\windows;C:\windows\System32\Wbem;C:\windows\System32\WindowsPowerShell\v1.0\;C:\windows\System32\OpenSSH\;C:\Program Files (x86)\NVIDIA Corporation\PhysX\Common;C:\Program Files\NVIDIA Corporation\NVIDIA NvDLISR;C:\WINDOWS\system32;C:\WINDOWS;C:\WINDOWS\System32\Wbem;C:\WINDOWS\System32\WindowsPowerShell\v1.0\;C:\WINDOWS\System32\OpenSSH\;C:\Program Files\Java\jdk-15.0.2\bin;C:\Program Files\Dart\dart-sdk\bin;C:\Program Files\PostgreSQL\14\bin;C:\Program Files\gradle-7.4.2\bin;C:\Program Files (x86)\dotnet\;C:\Program Files\Docker\Docker\resources\bin;C:\ProgramData\DockerDesktop\version-bin;C:\Program Files\IBM\SPSS\Statistics\25\JRE\bin;C:\Program Files\nodejs\;C:\Program Files\PuTTY\;C:\Program Files\Git\cmd;C:\Users\MelatiEka\AppData\Local\Programs\Python\Python38-32\Scripts\;C:\Users\MelatiEka\AppData\Local\Programs\Python\Python38-32\;C:\Users\MelatiEka\AppData\Local\Microsoft\WindowsApps;C:\Program Files\JetBrains\PyCharm Community Edition 2020.1.1\bin;;C:\Program Files\Java\jdk-15.0.2\bin;C:\Users\MelatiEka\Desktop\Semester 3\.PBP\flutter\bin;C:\Users\MelatiEka\AppData\Local\Programs\Microsoft VS Code\bin;C:\Program Files (x86)\heroku\bin;C:\Program Files\JetBrains\IntelliJ IDEA 2022.2.1\bin;;C:\Users\MelatiEka\AppData\Roaming\npm;
USERNAME=MelatiEka
OS=Windows_NT
PROCESSOR_IDENTIFIER=Intel64 Family 6 Model 142 Stepping 12, GenuineIntel



---------------  S Y S T E M  ---------------

OS:
 Windows 11 , 64 bit Build 22621 (10.0.22621.1635)
OS uptime: 8 days 4:22 hours

CPU: total 8 (initial active 8) (4 cores per cpu, 2 threads per core) family 6 model 142 stepping 12 microcode 0xde, cx8, cmov, fxsr, ht, mmx, 3dnowpref, sse, sse2, sse3, ssse3, sse4.1, sse4.2, popcnt, lzcnt, tsc, tscinvbit, avx, avx2, aes, erms, clmul, bmi1, bmi2, adx, fma, vzeroupper, clflush, clflushopt

Memory: 4k page, system-wide physical 16171M (575M free)
TotalPageFile size 45441M (AvailPageFile size 136M)
current process WorkingSet (physical memory assigned to process): 11M, peak: 11M
current process commit charge ("private bytes"): 60M, peak: 314M

vm_info: Java HotSpot(TM) 64-Bit Server VM (17.0.7+8-LTS-224) for windows-amd64 JRE (17.0.7+8-LTS-224), built on Feb 28 2023 23:03:02 by "mach5one" with MS VC++ 17.1 (VS2022)

END.
